<?xml version="1.0" encoding="UTF-8"?>
<testng-results ignored="0" total="5" passed="5" failed="0" skipped="0">
  <reporter-output>
  </reporter-output>
  <suite started-at="2023-02-08T15:38:26 EET" name="WPT" finished-at="2023-02-08T15:39:44 EET" duration-ms="77763">
    <groups>
      <group name="mainCode">
        <method signature="MainCode.mainCode(java.lang.String)[pri:0, instance:Main_code.MainCode@5b94b04d]" name="mainCode" class="Main_code.MainCode"/>
      </group> <!-- mainCode -->
    </groups>
    <test started-at="2023-02-08T15:38:26 EET" name="Wallet appearance" finished-at="2023-02-08T15:39:44 EET" duration-ms="77763">
      <class name="Main_code.MainCode">
        <test-method is-config="true" signature="setUp(java.lang.String)[pri:0, instance:Main_code.MainCode@5b94b04d]" started-at="2023-02-08T15:38:27 EET" name="setUp" finished-at="2023-02-08T15:38:32 EET" duration-ms="5725" status="PASS">
          <params>
            <param index="0">
              <value>
                <![CDATA[Firefox]]>
              </value>
            </param>
          </params>
          <reporter-output>
          </reporter-output>
        </test-method> <!-- setUp -->
        <test-method signature="mainCode(java.lang.String)[pri:0, instance:Main_code.MainCode@5b94b04d]" started-at="2023-02-08T15:38:32 EET" name="mainCode" finished-at="2023-02-08T15:38:50 EET" duration-ms="18180" status="PASS">
          <params>
            <param index="0">
              <value>
                <![CDATA[https://dex-trade.com/login]]>
              </value>
            </param>
          </params>
          <reporter-output>
          </reporter-output>
        </test-method> <!-- mainCode -->
      </class> <!-- Main_code.MainCode -->
      <class name="Header.Header_Tests">
        <test-method signature="case_1(java.lang.String,java.lang.String)[pri:0, instance:Header.Header_Tests@6a03bcb1]" started-at="2023-02-08T15:38:50 EET" name="case_1" finished-at="2023-02-08T15:39:02 EET" duration-ms="11860" status="PASS">
          <params>
            <param index="0">
              <value>
                <![CDATA[https://dex-trade.com/markets]]>
              </value>
            </param>
            <param index="1">
              <value>
                <![CDATA[https://dex-trade.com/]]>
              </value>
            </param>
          </params>
          <reporter-output>
          </reporter-output>
        </test-method> <!-- case_1 -->
        <test-method signature="case_2(java.lang.String,java.lang.String)[pri:0, instance:Header.Header_Tests@6a03bcb1]" started-at="2023-02-08T15:39:02 EET" name="case_2" finished-at="2023-02-08T15:39:15 EET" duration-ms="12677" status="PASS">
          <params>
            <param index="0">
              <value>
                <![CDATA[https://dex-trade.com/free-coins]]>
              </value>
            </param>
            <param index="1">
              <value>
                <![CDATA[https://dex-trade.com/]]>
              </value>
            </param>
          </params>
          <reporter-output>
          </reporter-output>
        </test-method> <!-- case_2 -->
        <test-method signature="case_3(java.lang.String,java.lang.String)[pri:0, instance:Header.Header_Tests@6a03bcb1]" started-at="2023-02-08T15:39:15 EET" name="case_3" finished-at="2023-02-08T15:39:30 EET" duration-ms="15474" status="PASS">
          <params>
            <param index="0">
              <value>
                <![CDATA[https://dex-trade.com/wallet]]>
              </value>
            </param>
            <param index="1">
              <value>
                <![CDATA[https://dex-trade.com/]]>
              </value>
            </param>
          </params>
          <reporter-output>
          </reporter-output>
        </test-method> <!-- case_3 -->
        <test-method signature="case_4(java.lang.String,java.lang.String)[pri:0, instance:Header.Header_Tests@6a03bcb1]" started-at="2023-02-08T15:39:30 EET" name="case_4" finished-at="2023-02-08T15:39:44 EET" duration-ms="13790" status="PASS">
          <params>
            <param index="0">
              <value>
                <![CDATA[https://dex-trade.com/open-orders/1]]>
              </value>
            </param>
            <param index="1">
              <value>
                <![CDATA[https://dex-trade.com/]]>
              </value>
            </param>
          </params>
          <reporter-output>
          </reporter-output>
        </test-method> <!-- case_4 -->
      </class> <!-- Header.Header_Tests -->
    </test> <!-- Wallet appearance -->
  </suite> <!-- WPT -->
</testng-results>
